<?xml version="1.0" encoding="UTF-8"?>
<!-- Generated by org.testng.reporters.JUnitReportReporter -->
<testsuite hostname="Niha" failures="0" tests="3" name="com.seleniumgrid.ParallelTests" time="9.873" errors="0" timestamp="2025-02-16T03:18:33 IST" skipped="0">
  <testcase classname="com.seleniumgrid.ParallelTests" name="crossBowser" time="3.190"/>
  <testcase classname="com.seleniumgrid.ParallelTests" name="crossBowser" time="2.971"/>
  <testcase classname="com.seleniumgrid.ParallelTests" name="crossBowser" time="3.712"/>
</testsuite> <!-- com.seleniumgrid.ParallelTests -->
