<?xml version="1.0" encoding="UTF-8"?>
<!-- Generated by org.testng.reporters.JUnitReportReporter -->
<testsuite hostname="Niha" failures="0" tests="2" name="com.testcases.LoginPageTestcase" time="3.747" errors="0" timestamp="2025-02-14T12:23:50 IST" skipped="0">
  <testcase classname="com.testcases.LoginPageTestcase" name="testLogin" time="3.740"/>
  <testcase classname="com.testcases.LoginPageTestcase" name="testValidateTitile" time="0.007"/>
</testsuite> <!-- com.testcases.LoginPageTestcase -->
