<?xml version="1.0" encoding="UTF-8"?>
<!-- Generated by org.testng.reporters.JUnitReportReporter -->
<testsuite hostname="Niha" failures="0" tests="3" name="com.seleniumgridheadless.ParallelTestsHeadless" time="9.555" errors="0" timestamp="2025-02-16T04:13:21 IST" skipped="0">
  <testcase classname="com.seleniumgridheadless.ParallelTestsHeadless" name="crossBowser" time="2.204"/>
  <testcase classname="com.seleniumgridheadless.ParallelTestsHeadless" name="crossBowser" time="4.833"/>
  <testcase classname="com.seleniumgridheadless.ParallelTestsHeadless" name="crossBowser" time="2.518"/>
</testsuite> <!-- com.seleniumgridheadless.ParallelTestsHeadless -->
