<?xml version="1.0" encoding="UTF-8"?>
<!-- Generated by org.testng.reporters.JUnitReportReporter -->
<testsuite hostname="Niha" failures="0" tests="3" name="com.seleniumgrid.ParallelTests" time="12.537" errors="0" timestamp="2025-02-16T05:04:55 IST" skipped="0">
  <testcase classname="com.seleniumgrid.ParallelTests" name="crossBowser" time="2.710"/>
  <testcase classname="com.seleniumgrid.ParallelTests" name="crossBowser" time="4.353"/>
  <testcase classname="com.seleniumgrid.ParallelTests" name="crossBowser" time="5.474"/>
</testsuite> <!-- com.seleniumgrid.ParallelTests -->
