<?xml version="1.0" encoding="UTF-8"?>
<!-- Generated by org.testng.reporters.JUnitReportReporter -->
<testsuite hostname="Niha" failures="0" tests="3" name="com.seleniumgrid.ParallelTests" time="10.732" errors="0" timestamp="2025-02-16T04:56:17 IST" skipped="0">
  <testcase classname="com.seleniumgrid.ParallelTests" name="crossBowser" time="2.270"/>
  <testcase classname="com.seleniumgrid.ParallelTests" name="crossBowser" time="4.342"/>
  <testcase classname="com.seleniumgrid.ParallelTests" name="crossBowser" time="4.120"/>
</testsuite> <!-- com.seleniumgrid.ParallelTests -->
