<?xml version="1.0" encoding="UTF-8"?>
<!-- Generated by org.testng.reporters.JUnitReportReporter -->
<testsuite hostname="Niha" failures="0" tests="1" name="com.testcases.LogoutPageTestcases" time="4.711" errors="0" timestamp="2025-02-16T02:27:32 IST" skipped="0">
  <testcase classname="com.testcases.LogoutPageTestcases" name="logout" time="4.711"/>
  <system-out/>
</testsuite> <!-- com.testcases.LogoutPageTestcases -->
