<?xml version="1.0" encoding="UTF-8"?>
<!-- Generated by org.testng.reporters.JUnitReportReporter -->
<testsuite hostname="Niha" failures="0" tests="2" name="com.testcases.LoginPageTestcase" time="3.174" errors="0" timestamp="2025-02-16T00:22:37 IST" skipped="0">
  <testcase classname="com.testcases.LoginPageTestcase" name="testValidateTitile" time="0.019"/>
  <system-out/>
  <testcase classname="com.testcases.LoginPageTestcase" name="testLogin" time="3.155"/>
  <system-out/>
</testsuite> <!-- com.testcases.LoginPageTestcase -->
