<?xml version="1.0" encoding="UTF-8"?>
<!-- Generated by org.testng.reporters.JUnitReportReporter -->
<testsuite hostname="Niha" failures="0" tests="1" name="com.testcases.LogoutPageTestcases" time="5.565" errors="0" timestamp="2025-02-16T00:22:37 IST" skipped="0">
  <testcase classname="com.testcases.LogoutPageTestcases" name="logout" time="5.565"/>
  <system-out/>
</testsuite> <!-- com.testcases.LogoutPageTestcases -->
