<?xml version="1.0" encoding="UTF-8"?>
<!-- Generated by org.testng.reporters.JUnitReportReporter -->
<testsuite hostname="Niha" failures="0" tests="1" name="com.testcases.LogoutPageTestcases" time="9.246" errors="0" timestamp="2025-02-15T19:39:35 IST" skipped="0">
  <testcase classname="com.testcases.LogoutPageTestcases" name="logout" time="9.246"/>
  <system-out/>
</testsuite> <!-- com.testcases.LogoutPageTestcases -->
