<?xml version="1.0" encoding="UTF-8"?>
<!-- Generated by org.testng.reporters.JUnitReportReporter -->
<testsuite hostname="Niha" failures="0" tests="3" name="com.seleniumgrid.ParallelTests" time="21.216" errors="0" timestamp="2025-02-16T17:39:55 IST" skipped="0">
  <testcase classname="com.seleniumgrid.ParallelTests" name="crossBowser" time="11.500"/>
  <system-out/>
  <testcase classname="com.seleniumgrid.ParallelTests" name="crossBowser" time="3.335"/>
  <system-out/>
  <testcase classname="com.seleniumgrid.ParallelTests" name="crossBowser" time="6.381"/>
  <system-out/>
</testsuite> <!-- com.seleniumgrid.ParallelTests -->
