<?xml version="1.0" encoding="UTF-8"?>
<!-- Generated by org.testng.reporters.JUnitReportReporter -->
<testsuite hostname="Niha" failures="0" tests="3" name="com.seleniumgrid.ParallelTests" time="12.688" errors="0" timestamp="2025-02-16T16:45:02 IST" skipped="0">
  <testcase classname="com.seleniumgrid.ParallelTests" name="crossBowser" time="4.878"/>
  <system-out/>
  <testcase classname="com.seleniumgrid.ParallelTests" name="crossBowser" time="2.706"/>
  <system-out/>
  <testcase classname="com.seleniumgrid.ParallelTests" name="crossBowser" time="5.104"/>
  <system-out/>
</testsuite> <!-- com.seleniumgrid.ParallelTests -->
