<?xml version="1.0" encoding="UTF-8"?>
<!-- Generated by org.testng.reporters.JUnitReportReporter -->
<testsuite hostname="Niha" failures="0" tests="2" name="com.testcases.LoginPageTestcase" time="1.756" errors="0" timestamp="2025-02-16T02:27:32 IST" skipped="0">
  <testcase classname="com.testcases.LoginPageTestcase" name="testLogin" time="1.750"/>
  <system-out/>
  <testcase classname="com.testcases.LoginPageTestcase" name="testValidateTitile" time="0.006"/>
  <system-out/>
</testsuite> <!-- com.testcases.LoginPageTestcase -->
